app/build/outputs/logs/manifest-merger-debug-report.txt
-- Merging decision tree log ---
manifest
ADDED from src/main/AndroidManifest.xml:2:1-100:12
	package
		ADDED from src/main/AndroidManifest.xml:3:5-34
		INJECTED from src/main/AndroidManifest.xml
		INJECTED from src/main/AndroidManifest.xml
	android:versionName
		ADDED from src/main/AndroidManifest.xml:6:5-42
		INJECTED from src/main/AndroidManifest.xml
		INJECTED from src/main/AndroidManifest.xml
	android:versionCode
		ADDED from src/main/AndroidManifest.xml:5:5-29
		INJECTED from src/main/AndroidManifest.xml
		INJECTED from src/main/AndroidManifest.xml
	xmlns:android
		ADDED from src/main/AndroidManifest.xml:2:11-69
	android:installLocation
		ADDED from src/main/AndroidManifest.xml:4:5-35
uses-sdk
ADDED from src/main/AndroidManifest.xml:8:5-10:41
MERGED from [com.android.support:appcompat-v7:21.0.3] AndroidManifest.xml:15:5-42
MERGED from [com.android.support:support-v4:22.2.0] AndroidManifest.xml:20:5-43
MERGED from [com.android.support:cardview-v7:21.0.3] AndroidManifest.xml:15:5-42
MERGED from [com.android.support:recyclerview-v7:21.0.3] AndroidManifest.xml:15:5-42
MERGED from [com.google.android.gms:play-services-gcm:8.1.0] AndroidManifest.xml:18:5-42
MERGED from [com.google.android.gms:play-services-base:8.1.0] AndroidManifest.xml:18:5-42
MERGED from [com.google.android.gms:play-services-basement:8.1.0] AndroidManifest.xml:18:5-42
MERGED from [com.google.android.gms:play-services-appindexing:8.1.0] AndroidManifest.xml:18:5-42
	android:targetSdkVersion
		ADDED from src/main/AndroidManifest.xml:10:9-38
		INJECTED from src/main/AndroidManifest.xml
		INJECTED from src/main/AndroidManifest.xml
	android:minSdkVersion
		ADDED from src/main/AndroidManifest.xml:9:9-34
		INJECTED from src/main/AndroidManifest.xml
		INJECTED from src/main/AndroidManifest.xml
uses-permission#android.permission.READ_EXTERNAL_STORAGE
ADDED from src/main/AndroidManifest.xml:12:5-80
	android:name
		ADDED from src/main/AndroidManifest.xml:12:22-77
uses-permission#android.permission.WRITE_EXTERNAL_STORAGE
ADDED from src/main/AndroidManifest.xml:13:5-81
	android:name
		ADDED from src/main/AndroidManifest.xml:13:22-78
uses-permission#android.permission.INTERNET
ADDED from src/main/AndroidManifest.xml:14:5-67
MERGED from [com.google.android.gms:play-services-gcm:8.1.0] AndroidManifest.xml:22:5-67
	android:name
		ADDED from src/main/AndroidManifest.xml:14:22-64
uses-permission#android.permission.ACCESS_NETWORK_STATE
ADDED from src/main/AndroidManifest.xml:15:5-79
	android:name
		ADDED from src/main/AndroidManifest.xml:15:22-76
uses-permission#android.permission.ACCESS_WIFI_STATE
ADDED from src/main/AndroidManifest.xml:16:5-76
	android:name
		ADDED from src/main/AndroidManifest.xml:16:22-73
uses-permission#android.permission.WAKE_LOCK
ADDED from src/main/AndroidManifest.xml:17:5-68
	android:name
		ADDED from src/main/AndroidManifest.xml:17:22-65
uses-permission#com.google.android.c2dm.permission.RECEIVE
ADDED from src/main/AndroidManifest.xml:18:5-82
MERGED from [com.google.android.gms:play-services-gcm:8.1.0] AndroidManifest.xml:21:5-82
	android:name
		ADDED from src/main/AndroidManifest.xml:18:22-79
uses-permission#android.permission.READ_PHONE_STATE
ADDED from src/main/AndroidManifest.xml:19:5-75
	android:name
		ADDED from src/main/AndroidManifest.xml:19:22-72
uses-permission#android.permission.RECEIVE_BOOT_COMPLETED
ADDED from src/main/AndroidManifest.xml:20:5-81
	android:name
		ADDED from src/main/AndroidManifest.xml:20:22-78
permission#com.artifex.mupdfdemo.permission.C2D_MESSAGE
ADDED from src/main/AndroidManifest.xml:22:5-24:47
	android:protectionLevel
		ADDED from src/main/AndroidManifest.xml:24:9-44
	android:name
		ADDED from src/main/AndroidManifest.xml:23:9-68
uses-permission#com.artiflex.mupdfdemo.permission.C2D_MESSAGE
ADDED from src/main/AndroidManifest.xml:26:5-85
	android:name
		ADDED from src/main/AndroidManifest.xml:26:22-82
supports-screens
ADDED from src/main/AndroidManifest.xml:28:5-33:40
	android:largeScreens
		ADDED from src/main/AndroidManifest.xml:30:9-36
	android:smallScreens
		ADDED from src/main/AndroidManifest.xml:32:9-36
	android:normalScreens
		ADDED from src/main/AndroidManifest.xml:31:9-37
	android:xlargeScreens
		ADDED from src/main/AndroidManifest.xml:33:9-37
	android:anyDensity
		ADDED from src/main/AndroidManifest.xml:29:9-34
application
ADDED from src/main/AndroidManifest.xml:35:5-98:19
MERGED from [com.android.support:appcompat-v7:21.0.3] AndroidManifest.xml:16:5-19
MERGED from [com.android.support:support-v4:22.2.0] AndroidManifest.xml:22:5-20
MERGED from [com.android.support:cardview-v7:21.0.3] AndroidManifest.xml:16:5-19
MERGED from [com.android.support:recyclerview-v7:21.0.3] AndroidManifest.xml:17:5-19:19
MERGED from [com.google.android.gms:play-services-gcm:8.1.0] AndroidManifest.xml:24:5-20
MERGED from [com.google.android.gms:play-services-basement:8.1.0] AndroidManifest.xml:20:5-24:19
MERGED from [com.google.android.gms:play-services-appindexing:8.1.0] AndroidManifest.xml:19:5-20
	android:label
		ADDED from src/main/AndroidManifest.xml:39:9-41
	android:hardwareAccelerated
		ADDED from src/main/AndroidManifest.xml:37:9-43
	android:icon
		ADDED from src/main/AndroidManifest.xml:38:9-45
	android:largeHeap
		ADDED from src/main/AndroidManifest.xml:40:9-33
	android:theme
		ADDED from src/main/AndroidManifest.xml:41:9-44
activity#com.artifex.mupdfdemo.YoungPioneerMain
ADDED from src/main/AndroidManifest.xml:43:9-53:20
	android:label
		ADDED from src/main/AndroidManifest.xml:46:13-45
	android:configChanges
		ADDED from src/main/AndroidManifest.xml:45:13-74
	android:theme
		ADDED from src/main/AndroidManifest.xml:47:13-49
	android:name
		ADDED from src/main/AndroidManifest.xml:44:13-66
intent-filter#android.intent.action.MAIN+android.intent.category.LAUNCHER
ADDED from src/main/AndroidManifest.xml:48:13-52:29
action#android.intent.action.MAIN
ADDED from src/main/AndroidManifest.xml:49:17-69
	android:name
		ADDED from src/main/AndroidManifest.xml:49:25-66
category#android.intent.category.LAUNCHER
ADDED from src/main/AndroidManifest.xml:51:17-77
	android:name
		ADDED from src/main/AndroidManifest.xml:51:27-74
receiver#com.google.android.gms.gcm.GcmReceiver
ADDED from src/main/AndroidManifest.xml:57:9-66:20
	android:exported
		ADDED from src/main/AndroidManifest.xml:59:13-36
	android:permission
		ADDED from src/main/AndroidManifest.xml:60:13-73
	android:name
		ADDED from src/main/AndroidManifest.xml:58:13-66
intent-filter#com.atriflex.mupdfdemo+com.google.android.c2dm.intent.RECEIVE
ADDED from src/main/AndroidManifest.xml:61:13-65:29
action#com.google.android.c2dm.intent.RECEIVE
ADDED from src/main/AndroidManifest.xml:62:17-81
	android:name
		ADDED from src/main/AndroidManifest.xml:62:25-78
category#com.atriflex.mupdfdemo
ADDED from src/main/AndroidManifest.xml:64:17-67
	android:name
		ADDED from src/main/AndroidManifest.xml:64:27-64
service#in.youngpioneer.dps.PushListenerService
ADDED from src/main/AndroidManifest.xml:68:9-74:19
	android:exported
		ADDED from src/main/AndroidManifest.xml:70:13-37
	android:name
		ADDED from src/main/AndroidManifest.xml:69:13-67
intent-filter#com.google.android.c2dm.intent.RECEIVE
ADDED from src/main/AndroidManifest.xml:71:13-73:29
activity#in.youngpioneer.dps.notificationMessages.NotificationListActivity
ADDED from src/main/AndroidManifest.xml:79:9-87:20
	android:parentActivityName
		ADDED from src/main/AndroidManifest.xml:81:13-80
	android:theme
		ADDED from src/main/AndroidManifest.xml:82:13-56
	android:name
		ADDED from src/main/AndroidManifest.xml:80:13-93
meta-data#android.support.PARENT_ACTIVITY
ADDED from src/main/AndroidManifest.xml:84:13-86:74
	android:value
		ADDED from src/main/AndroidManifest.xml:86:17-71
	android:name
		ADDED from src/main/AndroidManifest.xml:85:17-63
receiver#in.youngpioneer.dps.BootStarter
ADDED from src/main/AndroidManifest.xml:89:9-93:20
	android:enabled
		ADDED from src/main/AndroidManifest.xml:89:66-88
	android:exported
		ADDED from src/main/AndroidManifest.xml:89:89-113
	android:name
		ADDED from src/main/AndroidManifest.xml:89:19-65
intent-filter#android.intent.action.BOOT_COMPLETED
ADDED from src/main/AndroidManifest.xml:90:13-92:29
action#android.intent.action.BOOT_COMPLETED
ADDED from src/main/AndroidManifest.xml:91:17-78
	android:name
		ADDED from src/main/AndroidManifest.xml:91:25-76
meta-data#com.google.android.gms.version
ADDED from src/main/AndroidManifest.xml:95:9-97:69
MERGED from [com.google.android.gms:play-services-basement:8.1.0] AndroidManifest.xml:21:9-23:69
	android:value
		ADDED from src/main/AndroidManifest.xml:97:13-66
	android:name
		ADDED from src/main/AndroidManifest.xml:96:13-58
activity#android.support.v7.widget.TestActivity
ADDED from [com.android.support:recyclerview-v7:21.0.3] AndroidManifest.xml:18:9-115
	android:label
		ADDED from [com.android.support:recyclerview-v7:21.0.3] AndroidManifest.xml:18:19-59
	android:name
		ADDED from [com.android.support:recyclerview-v7:21.0.3] AndroidManifest.xml:18:60-113